[2026-05-04 17:24:43] [INFO] [pid=4058] main: MiniSync client started mode=remote src=./test_dir
[2026-05-04 17:24:43] [INFO] [pid=4060] monitor: watch added ./test_dir
[2026-05-04 17:24:43] [DEBUG] [pid=4060] monitor: fullscan emit stage5_after_start.txt
[2026-05-04 17:24:43] [DEBUG] [pid=4061] scheduler: debounce update FULLSCAN stage5_after_start.txt
[2026-05-04 17:24:43] [DEBUG] [pid=4060] monitor: fullscan emit stage5_local.txt
[2026-05-04 17:24:43] [DEBUG] [pid=4061] scheduler: debounce update FULLSCAN stage5_local.txt
[2026-05-04 17:24:43] [INFO] [pid=4060] monitor: initial scan completed root=./test_dir
[2026-05-04 17:24:43] [INFO] [pid=4061] worker-2: remote sync success stage5_local.txt strategy=small-file hash=dd3f9f4e5ec7c35d
[2026-05-04 17:24:43] [INFO] [pid=4061] worker-1: remote sync success stage5_after_start.txt strategy=small-file hash=6d908ea2443a73ad
[2026-05-04 17:24:44] [DEBUG] [pid=4060] monitor: poll create stage5_after_start.txt
[2026-05-04 17:24:44] [DEBUG] [pid=4061] scheduler: debounce update CREATE stage5_after_start.txt
[2026-05-04 17:24:44] [DEBUG] [pid=4060] monitor: poll create stage5_local.txt
[2026-05-04 17:24:44] [DEBUG] [pid=4061] scheduler: debounce update CREATE stage5_local.txt
[2026-05-04 17:24:44] [INFO] [pid=4061] worker-3: remote sync success stage5_after_start.txt strategy=small-file hash=6d908ea2443a73ad
[2026-05-04 17:24:44] [INFO] [pid=4061] worker-4: remote sync success stage5_local.txt strategy=small-file hash=dd3f9f4e5ec7c35d
[2026-05-04 17:24:50] [DEBUG] [pid=4060] monitor: poll create stage5_remote.txt
[2026-05-04 17:24:50] [DEBUG] [pid=4061] scheduler: debounce update CREATE stage5_remote.txt
[2026-05-04 17:24:50] [INFO] [pid=4061] worker-2: remote sync success stage5_remote.txt strategy=small-file hash=001515675af54c74
[2026-05-04 17:25:22] [INFO] [pid=4058] main: stopping client
[2026-05-04 17:25:22] [INFO] [pid=4061] scheduler: received EXIT
[2026-05-04 17:25:22] [INFO] [pid=4061] worker-1: exit
[2026-05-04 17:25:22] [INFO] [pid=4061] worker-2: exit
[2026-05-04 17:25:22] [INFO] [pid=4061] worker-3: exit
[2026-05-04 17:25:22] [INFO] [pid=4061] worker-4: exit
[2026-05-04 17:25:22] [INFO] [pid=4061] transfer: process exit
